{"total": {"lines":{"total":432,"covered":416,"skipped":0,"pct":96.29},"statements":{"total":451,"covered":428,"skipped":0,"pct":94.9},"functions":{"total":79,"covered":70,"skipped":0,"pct":88.6},"branches":{"total":259,"covered":226,"skipped":0,"pct":87.25},"branchesTrue":{"total":0,"covered":0,"skipped":0,"pct":100}}
,"C:\\Users\\Bahsu\\Desktop\\GeoMoodMap-Project\\src\\backend\\application\\services\\LocationResolver.js": {"lines":{"total":18,"covered":18,"skipped":0,"pct":100},"functions":{"total":2,"covered":2,"skipped":0,"pct":100},"statements":{"total":18,"covered":18,"skipped":0,"pct":100},"branches":{"total":16,"covered":12,"skipped":0,"pct":75}}
,"C:\\Users\\Bahsu\\Desktop\\GeoMoodMap-Project\\src\\backend\\application\\services\\MoodService.js": {"lines":{"total":21,"covered":21,"skipped":0,"pct":100},"functions":{"total":3,"covered":3,"skipped":0,"pct":100},"statements":{"total":21,"covered":21,"skipped":0,"pct":100},"branches":{"total":12,"covered":10,"skipped":0,"pct":83.33}}
,"C:\\Users\\Bahsu\\Desktop\\GeoMoodMap-Project\\src\\backend\\application\\services\\SearchService.js": {"lines":{"total":6,"covered":6,"skipped":0,"pct":100},"functions":{"total":2,"covered":2,"skipped":0,"pct":100},"statements":{"total":6,"covered":6,"skipped":0,"pct":100},"branches":{"total":4,"covered":4,"skipped":0,"pct":100}}
,"C:\\Users\\Bahsu\\Desktop\\GeoMoodMap-Project\\src\\backend\\application\\validators\\moodValidator.js": {"lines":{"total":18,"covered":18,"skipped":0,"pct":100},"functions":{"total":4,"covered":4,"skipped":0,"pct":100},"statements":{"total":18,"covered":18,"skipped":0,"pct":100},"branches":{"total":30,"covered":29,"skipped":0,"pct":96.66}}
,"C:\\Users\\Bahsu\\Desktop\\GeoMoodMap-Project\\src\\backend\\domain\\factories\\moodFactory.js": {"lines":{"total":2,"covered":2,"skipped":0,"pct":100},"functions":{"total":1,"covered":1,"skipped":0,"pct":100},"statements":{"total":2,"covered":2,"skipped":0,"pct":100},"branches":{"total":2,"covered":2,"skipped":0,"pct":100}}
,"C:\\Users\\Bahsu\\Desktop\\GeoMoodMap-Project\\src\\backend\\domain\\scoring\\ScoreEngine.js": {"lines":{"total":11,"covered":11,"skipped":0,"pct":100},"functions":{"total":1,"covered":1,"skipped":0,"pct":100},"statements":{"total":13,"covered":13,"skipped":0,"pct":100},"branches":{"total":4,"covered":4,"skipped":0,"pct":100}}
,"C:\\Users\\Bahsu\\Desktop\\GeoMoodMap-Project\\src\\backend\\domain\\scoring\\rules\\RatingRule.js": {"lines":{"total":3,"covered":3,"skipped":0,"pct":100},"functions":{"total":1,"covered":1,"skipped":0,"pct":100},"statements":{"total":3,"covered":3,"skipped":0,"pct":100},"branches":{"total":0,"covered":0,"skipped":0,"pct":100}}
,"C:\\Users\\Bahsu\\Desktop\\GeoMoodMap-Project\\src\\backend\\domain\\scoring\\rules\\SentimentRule.js": {"lines":{"total":5,"covered":5,"skipped":0,"pct":100},"functions":{"total":1,"covered":1,"skipped":0,"pct":100},"statements":{"total":7,"covered":7,"skipped":0,"pct":100},"branches":{"total":4,"covered":4,"skipped":0,"pct":100}}
,"C:\\Users\\Bahsu\\Desktop\\GeoMoodMap-Project\\src\\backend\\domain\\scoring\\rules\\WeatherRule.js": {"lines":{"total":17,"covered":17,"skipped":0,"pct":100},"functions":{"total":1,"covered":1,"skipped":0,"pct":100},"statements":{"total":19,"covered":19,"skipped":0,"pct":100},"branches":{"total":27,"covered":27,"skipped":0,"pct":100}}
,"C:\\Users\\Bahsu\\Desktop\\GeoMoodMap-Project\\src\\backend\\domain\\text-analysis\\TextAnalyzer.js": {"lines":{"total":18,"covered":18,"skipped":0,"pct":100},"functions":{"total":2,"covered":2,"skipped":0,"pct":100},"statements":{"total":18,"covered":18,"skipped":0,"pct":100},"branches":{"total":12,"covered":12,"skipped":0,"pct":100}}
,"C:\\Users\\Bahsu\\Desktop\\GeoMoodMap-Project\\src\\backend\\domain\\text-analysis\\dictionaries.js": {"lines":{"total":3,"covered":3,"skipped":0,"pct":100},"functions":{"total":0,"covered":0,"skipped":0,"pct":100},"statements":{"total":3,"covered":3,"skipped":0,"pct":100},"branches":{"total":0,"covered":0,"skipped":0,"pct":100}}
,"C:\\Users\\Bahsu\\Desktop\\GeoMoodMap-Project\\src\\backend\\infrastructure\\adapters\\geocode\\geocodeService.js": {"lines":{"total":23,"covered":21,"skipped":0,"pct":91.3},"functions":{"total":2,"covered":2,"skipped":0,"pct":100},"statements":{"total":25,"covered":23,"skipped":0,"pct":92},"branches":{"total":32,"covered":30,"skipped":0,"pct":93.75}}
,"C:\\Users\\Bahsu\\Desktop\\GeoMoodMap-Project\\src\\backend\\infrastructure\\adapters\\image\\ImageParser.js": {"lines":{"total":15,"covered":13,"skipped":0,"pct":86.66},"functions":{"total":2,"covered":2,"skipped":0,"pct":100},"statements":{"total":15,"covered":13,"skipped":0,"pct":86.66},"branches":{"total":8,"covered":6,"skipped":0,"pct":75}}
,"C:\\Users\\Bahsu\\Desktop\\GeoMoodMap-Project\\src\\backend\\infrastructure\\adapters\\image\\ImageStorage.js": {"lines":{"total":21,"covered":19,"skipped":0,"pct":90.47},"functions":{"total":1,"covered":1,"skipped":0,"pct":100},"statements":{"total":21,"covered":19,"skipped":0,"pct":90.47},"branches":{"total":6,"covered":4,"skipped":0,"pct":66.66}}
,"C:\\Users\\Bahsu\\Desktop\\GeoMoodMap-Project\\src\\backend\\infrastructure\\adapters\\image\\NamingStrategy.js": {"lines":{"total":5,"covered":5,"skipped":0,"pct":100},"functions":{"total":2,"covered":2,"skipped":0,"pct":100},"statements":{"total":5,"covered":5,"skipped":0,"pct":100},"branches":{"total":2,"covered":2,"skipped":0,"pct":100}}
,"C:\\Users\\Bahsu\\Desktop\\GeoMoodMap-Project\\src\\backend\\infrastructure\\adapters\\weather\\weatherService.js": {"lines":{"total":18,"covered":16,"skipped":0,"pct":88.88},"functions":{"total":1,"covered":1,"skipped":0,"pct":100},"statements":{"total":18,"covered":16,"skipped":0,"pct":88.88},"branches":{"total":22,"covered":19,"skipped":0,"pct":86.36}}
,"C:\\Users\\Bahsu\\Desktop\\GeoMoodMap-Project\\src\\backend\\infrastructure\\persistence\\json\\fileSystemAdapter.js": {"lines":{"total":15,"covered":15,"skipped":0,"pct":100},"functions":{"total":4,"covered":4,"skipped":0,"pct":100},"statements":{"total":15,"covered":15,"skipped":0,"pct":100},"branches":{"total":6,"covered":5,"skipped":0,"pct":83.33}}
,"C:\\Users\\Bahsu\\Desktop\\GeoMoodMap-Project\\src\\backend\\infrastructure\\persistence\\json\\jsonStore.js": {"lines":{"total":17,"covered":17,"skipped":0,"pct":100},"functions":{"total":2,"covered":2,"skipped":0,"pct":100},"statements":{"total":18,"covered":18,"skipped":0,"pct":100},"branches":{"total":6,"covered":6,"skipped":0,"pct":100}}
,"C:\\Users\\Bahsu\\Desktop\\GeoMoodMap-Project\\src\\backend\\infrastructure\\persistence\\json\\jsonValidator.js": {"lines":{"total":10,"covered":10,"skipped":0,"pct":100},"functions":{"total":3,"covered":3,"skipped":0,"pct":100},"statements":{"total":10,"covered":10,"skipped":0,"pct":100},"branches":{"total":6,"covered":4,"skipped":0,"pct":66.66}}
,"C:\\Users\\Bahsu\\Desktop\\GeoMoodMap-Project\\src\\frontend\\js\\constants.js": {"lines":{"total":2,"covered":2,"skipped":0,"pct":100},"functions":{"total":0,"covered":0,"skipped":0,"pct":100},"statements":{"total":2,"covered":2,"skipped":0,"pct":100},"branches":{"total":0,"covered":0,"skipped":0,"pct":100}}
,"C:\\Users\\Bahsu\\Desktop\\GeoMoodMap-Project\\src\\frontend\\js\\modules\\AutocompleteManager.js": {"lines":{"total":29,"covered":29,"skipped":0,"pct":100},"functions":{"total":7,"covered":7,"skipped":0,"pct":100},"statements":{"total":30,"covered":30,"skipped":0,"pct":100},"branches":{"total":8,"covered":7,"skipped":0,"pct":87.5}}
,"C:\\Users\\Bahsu\\Desktop\\GeoMoodMap-Project\\src\\frontend\\js\\modules\\CameraManager.js": {"lines":{"total":75,"covered":68,"skipped":0,"pct":90.66},"functions":{"total":20,"covered":13,"skipped":0,"pct":65},"statements":{"total":80,"covered":68,"skipped":0,"pct":85},"branches":{"total":16,"covered":11,"skipped":0,"pct":68.75}}
,"C:\\Users\\Bahsu\\Desktop\\GeoMoodMap-Project\\src\\frontend\\js\\modules\\FormManager.js": {"lines":{"total":27,"covered":27,"skipped":0,"pct":100},"functions":{"total":4,"covered":3,"skipped":0,"pct":75},"statements":{"total":28,"covered":27,"skipped":0,"pct":96.42},"branches":{"total":4,"covered":3,"skipped":0,"pct":75}}
,"C:\\Users\\Bahsu\\Desktop\\GeoMoodMap-Project\\src\\frontend\\js\\modules\\MapManager.js": {"lines":{"total":20,"covered":20,"skipped":0,"pct":100},"functions":{"total":7,"covered":7,"skipped":0,"pct":100},"statements":{"total":21,"covered":21,"skipped":0,"pct":100},"branches":{"total":4,"covered":4,"skipped":0,"pct":100}}
,"C:\\Users\\Bahsu\\Desktop\\GeoMoodMap-Project\\src\\frontend\\js\\modules\\ModalManager.js": {"lines":{"total":28,"covered":27,"skipped":0,"pct":96.42},"functions":{"total":5,"covered":4,"skipped":0,"pct":80},"statements":{"total":30,"covered":28,"skipped":0,"pct":93.33},"branches":{"total":28,"covered":21,"skipped":0,"pct":75}}
,"C:\\Users\\Bahsu\\Desktop\\GeoMoodMap-Project\\src\\frontend\\js\\modules\\MoodTrackerApp.js": {"lines":{"total":5,"covered":5,"skipped":0,"pct":100},"functions":{"total":1,"covered":1,"skipped":0,"pct":100},"statements":{"total":5,"covered":5,"skipped":0,"pct":100},"branches":{"total":0,"covered":0,"skipped":0,"pct":100}}
}
