{"total": {"lines":{"total":297,"covered":118,"skipped":0,"pct":39.73},"statements":{"total":317,"covered":125,"skipped":0,"pct":39.43},"functions":{"total":29,"covered":9,"skipped":0,"pct":31.03},"branches":{"total":225,"covered":101,"skipped":0,"pct":44.88},"branchesTrue":{"total":0,"covered":0,"skipped":0,"pct":100}}
,"C:\\Users\\Bahsu\\Desktop\\GeoMoodMap-Project\\public\\js\\script.js": {"lines":{"total":134,"covered":0,"skipped":0,"pct":0},"functions":{"total":19,"covered":0,"skipped":0,"pct":0},"statements":{"total":136,"covered":0,"skipped":0,"pct":0},"branches":{"total":46,"covered":0,"skipped":0,"pct":0}}
,"C:\\Users\\Bahsu\\Desktop\\GeoMoodMap-Project\\src\\controllers\\moodController.js": {"lines":{"total":64,"covered":50,"skipped":0,"pct":78.12},"functions":{"total":2,"covered":1,"skipped":0,"pct":50},"statements":{"total":65,"covered":51,"skipped":0,"pct":78.46},"branches":{"total":68,"covered":43,"skipped":0,"pct":63.23}}
,"C:\\Users\\Bahsu\\Desktop\\GeoMoodMap-Project\\src\\services\\geocodeService.js": {"lines":{"total":23,"covered":10,"skipped":0,"pct":43.47},"functions":{"total":2,"covered":2,"skipped":0,"pct":100},"statements":{"total":25,"covered":10,"skipped":0,"pct":40},"branches":{"total":32,"covered":10,"skipped":0,"pct":31.25}}
,"C:\\Users\\Bahsu\\Desktop\\GeoMoodMap-Project\\src\\services\\weatherService.js": {"lines":{"total":17,"covered":7,"skipped":0,"pct":41.17},"functions":{"total":1,"covered":1,"skipped":0,"pct":100},"statements":{"total":18,"covered":7,"skipped":0,"pct":38.88},"branches":{"total":22,"covered":6,"skipped":0,"pct":27.27}}
,"C:\\Users\\Bahsu\\Desktop\\GeoMoodMap-Project\\src\\storage\\jsonStore.js": {"lines":{"total":23,"covered":17,"skipped":0,"pct":73.91},"functions":{"total":3,"covered":3,"skipped":0,"pct":100},"statements":{"total":26,"covered":19,"skipped":0,"pct":73.07},"branches":{"total":10,"covered":7,"skipped":0,"pct":70}}
,"C:\\Users\\Bahsu\\Desktop\\GeoMoodMap-Project\\src\\utils\\moodScore.js": {"lines":{"total":24,"covered":22,"skipped":0,"pct":91.66},"functions":{"total":1,"covered":1,"skipped":0,"pct":100},"statements":{"total":30,"covered":26,"skipped":0,"pct":86.66},"branches":{"total":35,"covered":28,"skipped":0,"pct":80}}
,"C:\\Users\\Bahsu\\Desktop\\GeoMoodMap-Project\\src\\utils\\textAnalyzer.js": {"lines":{"total":12,"covered":12,"skipped":0,"pct":100},"functions":{"total":1,"covered":1,"skipped":0,"pct":100},"statements":{"total":17,"covered":12,"skipped":0,"pct":70.58},"branches":{"total":12,"covered":7,"skipped":0,"pct":58.33}}
}
