TN:
SF:src\backend\application\services\LocationResolver.js
FN:19,createLocationResolver
FN:28,resolveLocation
FNF:2
FNH:2
FNDA:6,createLocationResolver
FNDA:6,resolveLocation
DA:29,6
DA:30,6
DA:31,6
DA:34,6
DA:36,6
DA:37,3
DA:38,3
DA:40,1
DA:42,3
DA:43,2
DA:44,2
DA:45,1
DA:46,1
DA:47,1
DA:49,1
DA:53,6
DA:60,6
DA:65,1
LF:18
LH:18
BRDA:34,0,0,6
BRDA:34,0,1,4
BRDA:34,0,2,4
BRDA:34,0,3,3
BRDA:36,1,0,3
BRDA:36,1,1,3
BRDA:40,2,0,1
BRDA:40,2,1,0
BRDA:42,3,0,2
BRDA:42,3,1,1
BRDA:45,4,0,1
BRDA:45,4,1,0
BRDA:46,5,0,1
BRDA:46,5,1,0
BRDA:49,6,0,1
BRDA:49,6,1,0
BRF:16
BRH:12
end_of_record
TN:
SF:src\backend\application\services\MoodService.js
FN:26,createMoodService
FN:27,createNewMood
FN:75,getAllMoods
FNF:3
FNH:3
FNDA:9,createMoodService
FNDA:6,createNewMood
FNDA:3,getAllMoods
DA:12,1
DA:13,1
DA:14,1
DA:28,6
DA:30,6
DA:32,6
DA:33,6
DA:34,6
DA:40,5
DA:41,4
DA:44,1
DA:45,1
DA:48,6
DA:50,6
DA:56,6
DA:58,6
DA:70,6
DA:72,6
DA:76,3
DA:79,9
DA:85,1
LF:21
LH:21
BRDA:34,0,0,5
BRDA:34,0,1,1
BRDA:35,1,0,6
BRDA:35,1,1,5
BRDA:35,1,2,5
BRDA:35,1,3,5
BRDA:41,2,0,4
BRDA:41,2,1,0
BRDA:41,3,0,4
BRDA:41,3,1,4
BRDA:44,4,0,1
BRDA:44,4,1,0
BRF:12
BRH:10
end_of_record
TN:
SF:src\backend\application\services\SearchService.js
FN:19,createSearchService
FN:25,searchLocation
FNF:2
FNH:2
FNDA:7,createSearchService
FNDA:7,searchLocation
DA:26,7
DA:27,3
DA:30,4
DA:31,3
DA:34,7
DA:39,1
LF:6
LH:6
BRDA:26,0,0,3
BRDA:26,0,1,4
BRDA:26,1,0,7
BRDA:26,1,1,5
BRF:4
BRH:4
end_of_record
TN:
SF:src\backend\application\validators\moodValidator.js
FN:6,validateText
FN:10,validateRating
FN:14,validateLocation
FN:20,validateMoodInput
FNF:4
FNH:4
FNDA:8,validateText
FNDA:8,validateRating
FNDA:8,validateLocation
FNDA:8,validateMoodInput
DA:7,8
DA:11,8
DA:15,8
DA:16,8
DA:17,8
DA:21,8
DA:22,8
DA:24,8
DA:25,1
DA:28,8
DA:29,1
DA:32,8
DA:33,8
DA:34,1
DA:37,8
DA:38,3
DA:41,5
DA:55,1
LF:18
LH:18
BRDA:7,0,0,8
BRDA:7,0,1,8
BRDA:11,1,0,8
BRDA:11,1,1,8
BRDA:11,1,2,8
BRDA:15,2,0,8
BRDA:15,2,1,6
BRDA:15,2,2,6
BRDA:15,2,3,6
BRDA:16,3,0,8
BRDA:16,3,1,1
BRDA:17,4,0,8
BRDA:17,4,1,2
BRDA:22,5,0,0
BRDA:24,6,0,1
BRDA:24,6,1,7
BRDA:28,7,0,1
BRDA:28,7,1,7
BRDA:33,8,0,1
BRDA:33,8,1,7
BRDA:37,9,0,3
BRDA:37,9,1,5
BRDA:47,10,0,4
BRDA:47,10,1,1
BRDA:48,11,0,4
BRDA:48,11,1,1
BRDA:49,12,0,1
BRDA:49,12,1,4
BRDA:50,13,0,5
BRDA:50,13,1,4
BRF:30
BRH:29
end_of_record
TN:
SF:src\backend\domain\factories\moodFactory.js
FN:20,buildMood
FNF:1
FNH:1
FNDA:7,buildMood
DA:21,7
DA:36,2
LF:2
LH:2
BRDA:31,0,0,7
BRDA:31,0,1,5
BRF:2
BRH:2
end_of_record
TN:
SF:src\backend\domain\scoring\ScoreEngine.js
FN:20,calculateGlobalScore
FNF:1
FNH:1
FNDA:12,calculateGlobalScore
DA:8,2
DA:9,2
DA:10,2
DA:22,12
DA:23,12
DA:24,12
DA:27,12
DA:30,12
DA:31,12
DA:34,12
DA:37,2
LF:11
LH:11
BRDA:30,0,0,2
BRDA:30,0,1,10
BRDA:31,1,0,2
BRDA:31,1,1,10
BRF:4
BRH:4
end_of_record
TN:
SF:src\backend\domain\scoring\rules\RatingRule.js
FN:12,calculateRatingScore
FNF:1
FNH:1
FNDA:18,calculateRatingScore
DA:13,18
DA:14,18
DA:17,3
LF:3
LH:3
BRF:0
BRH:0
end_of_record
TN:
SF:src\backend\domain\scoring\rules\SentimentRule.js
FN:15,calculateSentimentScore
FNF:1
FNH:1
FNDA:23,calculateSentimentScore
DA:16,23
DA:19,23
DA:20,23
DA:22,23
DA:25,3
LF:5
LH:5
BRDA:19,0,0,3
BRDA:19,0,1,20
BRDA:20,1,0,2
BRDA:20,1,1,21
BRF:4
BRH:4
end_of_record
TN:
SF:src\backend\domain\scoring\rules\WeatherRule.js
FN:19,calculateWeatherScore
FNF:1
FNH:1
FNDA:34,calculateWeatherScore
DA:20,34
DA:22,34
DA:23,27
DA:24,27
DA:27,27
DA:28,6
DA:30,27
DA:31,3
DA:33,27
DA:34,3
DA:36,27
DA:37,10
DA:41,27
DA:42,12
DA:43,12
DA:47,34
DA:50,3
LF:17
LH:17
BRDA:22,0,0,27
BRDA:22,0,1,7
BRDA:23,1,0,27
BRDA:23,1,1,5
BRDA:27,2,0,6
BRDA:27,2,1,21
BRDA:27,3,0,27
BRDA:27,3,1,22
BRDA:30,4,0,3
BRDA:30,4,1,24
BRDA:30,5,0,27
BRDA:30,5,1,25
BRDA:33,6,0,3
BRDA:33,6,1,24
BRDA:33,7,0,27
BRDA:33,7,1,25
BRDA:36,8,0,10
BRDA:36,8,1,17
BRDA:36,9,0,27
BRDA:36,9,1,20
BRDA:36,9,2,18
BRDA:41,10,0,12
BRDA:41,10,1,15
BRDA:42,11,0,4
BRDA:42,11,1,8
BRDA:43,12,0,4
BRDA:43,12,1,8
BRF:27
BRH:27
end_of_record
TN:
SF:src\backend\domain\text-analysis\TextAnalyzer.js
FN:24,analyzeText
FN:35,(anonymous_1)
FNF:2
FNH:2
FNDA:19,analyzeText
FNDA:87,(anonymous_1)
DA:5,2
DA:10,2
DA:11,2
DA:26,19
DA:27,4
DA:31,15
DA:34,15
DA:35,15
DA:36,87
DA:37,28
DA:39,87
DA:40,12
DA:45,15
DA:46,1
DA:48,15
DA:49,1
DA:52,15
DA:55,2
LF:18
LH:18
BRDA:26,0,0,4
BRDA:26,0,1,15
BRDA:26,1,0,19
BRDA:26,1,1,16
BRDA:36,2,0,28
BRDA:36,2,1,59
BRDA:39,3,0,12
BRDA:39,3,1,75
BRDA:45,4,0,1
BRDA:45,4,1,14
BRDA:48,5,0,1
BRDA:48,5,1,14
BRF:12
BRH:12
end_of_record
TN:
SF:src\backend\domain\text-analysis\dictionaries.js
FNF:0
FNH:0
DA:9,3
DA:25,3
DA:37,3
LF:3
LH:3
BRF:0
BRH:0
end_of_record
TN:
SF:src\backend\infrastructure\adapters\geocode\geocodeService.js
FN:12,reverseGeocode
FN:42,forwardGeocode
FNF:2
FNH:2
FNDA:1,reverseGeocode
FNDA:1,forwardGeocode
DA:1,1
DA:3,1
DA:6,1
DA:14,1
DA:15,0
DA:19,1
DA:20,1
DA:24,0
DA:25,0
DA:26,0
DA:27,0
DA:30,0
DA:44,1
DA:45,0
DA:49,1
DA:50,1
DA:54,0
DA:55,0
DA:56,0
DA:57,0
DA:58,0
DA:61,0
DA:69,1
LF:23
LH:10
BRDA:6,0,0,1
BRDA:6,0,1,1
BRDA:14,1,0,0
BRDA:14,1,1,1
BRDA:14,2,0,1
BRDA:14,2,1,1
BRDA:19,3,0,1
BRDA:19,3,1,0
BRDA:26,4,0,0
BRDA:26,4,1,0
BRDA:31,5,0,0
BRDA:31,5,1,0
BRDA:32,6,0,0
BRDA:32,6,1,0
BRDA:44,7,0,0
BRDA:44,7,1,1
BRDA:44,8,0,1
BRDA:44,8,1,1
BRDA:49,9,0,1
BRDA:49,9,1,0
BRDA:56,10,0,0
BRDA:56,10,1,0
BRDA:58,11,0,0
BRDA:58,11,1,0
BRDA:62,12,0,0
BRDA:62,12,1,0
BRDA:63,13,0,0
BRDA:63,13,1,0
BRDA:64,14,0,0
BRDA:64,14,1,0
BRDA:65,15,0,0
BRDA:65,15,1,0
BRF:32
BRH:10
end_of_record
TN:
SF:src\backend\infrastructure\adapters\image\ImageParser.js
FN:10,parseBase64Image
FN:40,isSupportedImageType
FNF:2
FNH:2
FNDA:12,parseBase64Image
FNDA:10,isSupportedImageType
DA:11,12
DA:12,4
DA:15,8
DA:16,8
DA:17,8
DA:18,1
DA:19,1
DA:22,7
DA:23,7
DA:25,7
DA:30,0
DA:31,0
DA:41,10
DA:42,10
DA:45,1
LF:15
LH:13
BRDA:11,0,0,4
BRDA:11,0,1,8
BRDA:11,1,0,12
BRDA:11,1,1,10
BRDA:17,2,0,1
BRDA:17,2,1,7
BRDA:30,3,0,0
BRDA:30,3,1,0
BRF:8
BRH:6
end_of_record
TN:
SF:src\backend\infrastructure\adapters\image\ImageStorage.js
FN:16,saveImageFromBase64
FNF:1
FNH:1
FNDA:7,saveImageFromBase64
DA:6,1
DA:7,1
DA:8,1
DA:9,1
DA:17,7
DA:18,7
DA:19,2
DA:22,5
DA:24,5
DA:25,1
DA:26,1
DA:29,4
DA:30,4
DA:31,4
DA:33,4
DA:35,4
DA:36,4
DA:38,4
DA:40,0
DA:41,0
DA:45,1
LF:21
LH:19
BRDA:18,0,0,2
BRDA:18,0,1,5
BRDA:24,1,0,1
BRDA:24,1,1,4
BRDA:40,2,0,0
BRDA:40,2,1,0
BRF:6
BRH:4
end_of_record
TN:
SF:src\backend\infrastructure\adapters\image\NamingStrategy.js
FN:10,generateUniqueFileName
FN:21,generateRelativePath
FNF:2
FNH:2
FNDA:7,generateUniqueFileName
FNDA:5,generateRelativePath
DA:11,7
DA:12,7
DA:13,7
DA:22,5
DA:25,1
LF:5
LH:5
BRDA:12,0,0,2
BRDA:12,0,1,5
BRF:2
BRH:2
end_of_record
TN:
SF:src\backend\infrastructure\adapters\weather\weatherService.js
FN:14,getWeather
FNF:1
FNH:1
FNDA:1,getWeather
DA:1,1
DA:3,1
DA:6,1
DA:16,1
DA:17,0
DA:21,1
DA:22,1
DA:29,0
DA:30,0
DA:34,0
DA:35,0
DA:36,0
DA:37,0
DA:38,0
DA:40,0
DA:43,0
DA:51,0
DA:54,1
LF:18
LH:7
BRDA:6,0,0,1
BRDA:6,0,1,1
BRDA:16,1,0,0
BRDA:16,1,1,1
BRDA:16,2,0,1
BRDA:16,2,1,1
BRDA:21,3,0,1
BRDA:21,3,1,0
BRDA:29,4,0,0
BRDA:29,4,1,0
BRDA:36,5,0,0
BRDA:36,5,1,0
BRDA:44,6,0,0
BRDA:44,6,1,0
BRDA:45,7,0,0
BRDA:45,7,1,0
BRDA:45,8,0,0
BRDA:45,8,1,0
BRDA:46,9,0,0
BRDA:46,9,1,0
BRDA:47,10,0,0
BRDA:47,10,1,0
BRF:22
BRH:6
end_of_record
TN:
SF:src\backend\infrastructure\persistence\json\fileSystemAdapter.js
FN:13,ensureDirectory
FN:24,ensureFile
FN:39,readFile
FN:54,writeFile
FNF:4
FNH:4
FNDA:5,ensureDirectory
FNDA:3,ensureFile
FNDA:2,readFile
FNDA:2,writeFile
DA:6,3
DA:7,3
DA:14,5
DA:15,2
DA:25,3
DA:26,3
DA:28,3
DA:29,2
DA:40,2
DA:41,2
DA:43,1
DA:55,2
DA:56,2
DA:58,1
DA:62,3
LF:15
LH:15
BRDA:14,0,0,2
BRDA:14,0,1,3
BRDA:24,1,0,0
BRDA:28,2,0,2
BRDA:28,2,1,1
BRDA:54,3,0,2
BRF:6
BRH:5
end_of_record
TN:
SF:src\backend\infrastructure\persistence\json\jsonStore.js
FN:15,loadAll
FN:29,save
FNF:2
FNH:2
FNDA:9,loadAll
FNDA:6,save
DA:9,1
DA:10,1
DA:11,1
DA:13,1
DA:16,9
DA:18,9
DA:19,9
DA:20,9
DA:22,9
DA:23,4
DA:26,9
DA:30,6
DA:32,4
DA:33,4
DA:35,4
DA:36,4
DA:39,1
LF:17
LH:17
BRDA:22,0,0,4
BRDA:22,0,1,5
BRDA:22,1,0,9
BRDA:22,1,1,5
BRDA:30,2,0,2
BRDA:30,2,1,4
BRF:6
BRH:6
end_of_record
TN:
SF:src\backend\infrastructure\persistence\json\jsonValidator.js
FN:11,parseJSON
FN:26,validateArray
FN:39,stringifyJSON
FNF:3
FNH:3
FNDA:5,parseJSON
FNDA:7,validateArray
FNDA:5,stringifyJSON
DA:12,5
DA:13,5
DA:15,2
DA:16,2
DA:27,7
DA:28,5
DA:29,5
DA:31,2
DA:40,5
DA:43,2
LF:10
LH:10
BRDA:11,0,0,0
BRDA:13,1,0,5
BRDA:13,1,1,1
BRDA:26,2,0,0
BRDA:27,3,0,5
BRDA:27,3,1,2
BRF:6
BRH:4
end_of_record
TN:
SF:src\frontend\js\constants.js
FNF:0
FNH:0
DA:4,10
DA:21,10
LF:2
LH:2
BRF:0
BRH:0
end_of_record
TN:
SF:src\frontend\js\modules\AutocompleteManager.js
FN:4,(anonymous_0)
FN:13,(anonymous_1)
FN:14,(anonymous_2)
FN:23,(anonymous_3)
FN:33,(anonymous_4)
FN:38,(anonymous_5)
FN:53,(anonymous_6)
FNF:7
FNH:7
FNDA:6,(anonymous_0)
FNDA:6,(anonymous_1)
FNDA:5,(anonymous_2)
FNDA:4,(anonymous_3)
FNDA:2,(anonymous_4)
FNDA:1,(anonymous_5)
FNDA:1,(anonymous_6)
DA:5,6
DA:6,6
DA:7,6
DA:8,6
DA:10,6
DA:14,6
DA:15,5
DA:17,5
DA:18,1
DA:19,1
DA:22,4
DA:23,4
DA:24,4
DA:25,4
DA:26,3
DA:28,3
DA:29,3
DA:31,2
DA:33,2
DA:34,2
DA:35,2
DA:36,2
DA:38,2
DA:39,1
DA:40,1
DA:41,1
DA:44,2
DA:47,1
DA:54,1
LF:29
LH:29
BRDA:17,0,0,1
BRDA:17,0,1,4
BRDA:29,1,0,1
BRDA:29,1,1,2
BRDA:29,2,0,3
BRDA:29,2,1,3
BRDA:31,3,0,2
BRDA:31,3,1,0
BRF:8
BRH:7
end_of_record
TN:
SF:src\frontend\js\modules\CameraManager.js
FN:4,(anonymous_0)
FN:25,(anonymous_1)
FN:37,(anonymous_2)
FN:41,(anonymous_3)
FN:50,(anonymous_4)
FN:61,(anonymous_5)
FN:65,(anonymous_6)
FN:69,(anonymous_7)
FN:78,(anonymous_8)
FN:91,(anonymous_9)
FN:96,(anonymous_10)
FN:106,(anonymous_11)
FN:118,(anonymous_12)
FN:119,(anonymous_13)
FN:120,(anonymous_14)
FN:121,(anonymous_15)
FN:122,(anonymous_16)
FN:123,(anonymous_17)
FN:126,(anonymous_18)
FN:130,(anonymous_19)
FNF:20
FNH:13
FNDA:9,(anonymous_0)
FNDA:9,(anonymous_1)
FNDA:8,(anonymous_2)
FNDA:0,(anonymous_3)
FNDA:1,(anonymous_4)
FNDA:1,(anonymous_5)
FNDA:0,(anonymous_6)
FNDA:2,(anonymous_7)
FNDA:1,(anonymous_8)
FNDA:1,(anonymous_9)
FNDA:1,(anonymous_10)
FNDA:1,(anonymous_11)
FNDA:9,(anonymous_12)
FNDA:0,(anonymous_13)
FNDA:0,(anonymous_14)
FNDA:0,(anonymous_15)
FNDA:0,(anonymous_16)
FNDA:0,(anonymous_17)
FNDA:1,(anonymous_18)
FNDA:1,(anonymous_19)
DA:5,9
DA:6,9
DA:7,9
DA:8,9
DA:9,9
DA:11,9
DA:12,9
DA:13,9
DA:15,9
DA:16,9
DA:17,9
DA:19,9
DA:21,9
DA:22,9
DA:26,9
DA:27,1
DA:28,1
DA:31,1
DA:32,1
DA:35,8
DA:38,8
DA:39,8
DA:42,0
DA:43,0
DA:46,0
DA:51,1
DA:52,1
DA:54,1
DA:55,1
DA:56,1
DA:58,1
DA:59,1
DA:62,1
DA:63,1
DA:65,0
DA:70,2
DA:71,2
DA:73,2
DA:74,2
DA:75,2
DA:79,1
DA:80,1
DA:82,1
DA:83,1
DA:85,1
DA:87,1
DA:88,1
DA:92,1
DA:93,1
DA:94,1
DA:96,1
DA:97,1
DA:98,1
DA:99,1
DA:102,1
DA:107,1
DA:108,1
DA:109,1
DA:111,1
DA:112,1
DA:114,0
DA:119,9
DA:120,9
DA:121,9
DA:122,9
DA:123,9
DA:127,1
DA:131,1
DA:132,1
DA:134,1
DA:136,1
DA:137,1
DA:138,1
DA:140,0
DA:141,0
LF:75
LH:68
BRDA:26,0,0,1
BRDA:26,0,1,8
BRDA:26,1,0,9
BRDA:26,1,1,8
BRDA:58,2,0,1
BRDA:58,2,1,0
BRDA:93,3,0,1
BRDA:93,3,1,0
BRDA:93,4,0,1
BRDA:93,4,1,1
BRDA:111,5,0,1
BRDA:111,5,1,0
BRDA:127,6,0,1
BRDA:127,6,1,0
BRDA:136,7,0,1
BRDA:136,7,1,0
BRF:16
BRH:11
end_of_record
TN:
SF:src\frontend\js\modules\FormManager.js
FN:4,(anonymous_0)
FN:17,(anonymous_1)
FN:62,(anonymous_2)
FN:63,(anonymous_3)
FNF:4
FNH:3
FNDA:4,(anonymous_0)
FNDA:4,(anonymous_1)
FNDA:4,(anonymous_2)
FNDA:0,(anonymous_3)
DA:5,4
DA:6,4
DA:7,4
DA:8,4
DA:10,4
DA:11,4
DA:12,4
DA:14,4
DA:18,4
DA:20,4
DA:22,4
DA:31,4
DA:32,4
DA:34,4
DA:40,3
DA:42,3
DA:43,1
DA:44,1
DA:45,1
DA:48,2
DA:49,2
DA:51,2
DA:52,2
DA:53,2
DA:55,2
DA:56,2
DA:63,4
LF:27
LH:27
BRDA:42,0,0,1
BRDA:42,0,1,2
BRDA:45,1,0,1
BRDA:45,1,1,0
BRF:4
BRH:3
end_of_record
TN:
SF:src\frontend\js\modules\MapManager.js
FN:4,(anonymous_0)
FN:26,(anonymous_1)
FN:32,(anonymous_2)
FN:33,(anonymous_3)
FN:37,(anonymous_4)
FN:40,(anonymous_5)
FN:44,(anonymous_6)
FNF:7
FNH:7
FNDA:15,(anonymous_0)
FNDA:4,(anonymous_1)
FNDA:14,(anonymous_2)
FNDA:1,(anonymous_3)
FNDA:1,(anonymous_4)
FNDA:2,(anonymous_5)
FNDA:3,(anonymous_6)
DA:5,15
DA:6,1
DA:9,14
DA:14,14
DA:18,14
DA:19,14
DA:21,14
DA:23,14
DA:27,4
DA:28,4
DA:29,4
DA:33,14
DA:34,1
DA:35,1
DA:37,14
DA:41,2
DA:45,3
DA:46,3
DA:47,3
DA:48,3
LF:20
LH:20
BRDA:5,0,0,1
BRDA:5,0,1,14
BRDA:27,1,0,4
BRDA:27,1,1,2
BRF:4
BRH:4
end_of_record
TN:
SF:src\frontend\js\modules\ModalManager.js
FN:4,(anonymous_0)
FN:22,(anonymous_1)
FN:53,(anonymous_2)
FN:97,(anonymous_3)
FN:98,(anonymous_4)
FNF:5
FNH:4
FNDA:6,(anonymous_0)
FNDA:3,(anonymous_1)
FNDA:2,(anonymous_2)
FNDA:6,(anonymous_3)
FNDA:0,(anonymous_4)
DA:5,6
DA:7,6
DA:8,0
DA:13,6
DA:14,6
DA:15,6
DA:17,6
DA:19,6
DA:23,3
DA:24,3
DA:26,3
DA:35,3
DA:39,3
DA:49,3
DA:50,3
DA:54,2
DA:55,2
DA:57,1
DA:86,1
DA:87,1
DA:88,1
DA:89,1
DA:90,1
DA:91,1
DA:92,1
DA:93,1
DA:94,1
DA:98,6
LF:28
LH:27
BRDA:7,0,0,0
BRDA:7,0,1,6
BRDA:23,1,0,3
BRDA:23,1,1,2
BRDA:26,2,0,1
BRDA:26,2,1,2
BRDA:28,3,0,1
BRDA:28,3,1,0
BRDA:29,4,0,1
BRDA:29,4,1,0
BRDA:30,5,0,1
BRDA:30,5,1,0
BRDA:31,6,0,1
BRDA:31,6,1,0
BRDA:35,7,0,1
BRDA:35,7,1,2
BRDA:43,8,0,3
BRDA:43,8,1,2
BRDA:43,8,2,2
BRDA:55,9,0,1
BRDA:55,9,1,1
BRDA:65,10,0,1
BRDA:65,10,1,0
BRDA:69,11,0,1
BRDA:69,11,1,1
BRDA:69,11,2,1
BRDA:75,12,0,0
BRDA:75,12,1,1
BRF:28
BRH:21
end_of_record
TN:
SF:src\frontend\js\modules\MoodTrackerApp.js
FN:8,(anonymous_0)
FNF:1
FNH:1
FNDA:4,(anonymous_0)
DA:9,4
DA:10,4
DA:11,4
DA:12,4
DA:13,4
LF:5
LH:5
BRF:0
BRH:0
end_of_record
