TN:
SF:public\js\script.js
FN:21,updateCoords
FN:28,(anonymous_1)
FN:41,(anonymous_2)
FN:52,(anonymous_3)
FN:64,(anonymous_4)
FN:69,(anonymous_5)
FN:111,(anonymous_6)
FN:115,(anonymous_7)
FN:120,(anonymous_8)
FN:132,(anonymous_9)
FN:136,(anonymous_10)
FN:143,(anonymous_11)
FN:155,(anonymous_12)
FN:173,(anonymous_13)
FN:178,(anonymous_14)
FN:191,(anonymous_15)
FN:207,(anonymous_16)
FN:249,showModal
FN:287,(anonymous_18)
FNF:19
FNH:0
FNDA:0,updateCoords
FNDA:0,(anonymous_1)
FNDA:0,(anonymous_2)
FNDA:0,(anonymous_3)
FNDA:0,(anonymous_4)
FNDA:0,(anonymous_5)
FNDA:0,(anonymous_6)
FNDA:0,(anonymous_7)
FNDA:0,(anonymous_8)
FNDA:0,(anonymous_9)
FNDA:0,(anonymous_10)
FNDA:0,(anonymous_11)
FNDA:0,(anonymous_12)
FNDA:0,(anonymous_13)
FNDA:0,(anonymous_14)
FNDA:0,(anonymous_15)
FNDA:0,(anonymous_16)
FNDA:0,showModal
FNDA:0,(anonymous_18)
DA:4,0
DA:6,0
DA:11,0
DA:12,0
DA:15,0
DA:22,0
DA:23,0
DA:24,0
DA:28,0
DA:29,0
DA:30,0
DA:32,0
DA:37,0
DA:38,0
DA:39,0
DA:41,0
DA:42,0
DA:45,0
DA:46,0
DA:47,0
DA:51,0
DA:52,0
DA:53,0
DA:54,0
DA:55,0
DA:57,0
DA:58,0
DA:61,0
DA:64,0
DA:65,0
DA:66,0
DA:67,0
DA:69,0
DA:70,0
DA:72,0
DA:73,0
DA:75,0
DA:76,0
DA:78,0
DA:81,0
DA:84,0
DA:92,0
DA:93,0
DA:94,0
DA:95,0
DA:96,0
DA:98,0
DA:99,0
DA:100,0
DA:102,0
DA:103,0
DA:104,0
DA:106,0
DA:109,0
DA:112,0
DA:113,0
DA:115,0
DA:120,0
DA:121,0
DA:122,0
DA:124,0
DA:125,0
DA:126,0
DA:129,0
DA:130,0
DA:133,0
DA:134,0
DA:136,0
DA:143,0
DA:144,0
DA:145,0
DA:147,0
DA:148,0
DA:149,0
DA:155,0
DA:156,0
DA:157,0
DA:159,0
DA:160,0
DA:163,0
DA:166,0
DA:167,0
DA:173,0
DA:174,0
DA:175,0
DA:176,0
DA:178,0
DA:179,0
DA:180,0
DA:181,0
DA:184,0
DA:191,0
DA:192,0
DA:193,0
DA:194,0
DA:197,0
DA:198,0
DA:200,0
DA:207,0
DA:208,0
DA:210,0
DA:219,0
DA:220,0
DA:226,0
DA:227,0
DA:229,0
DA:230,0
DA:231,0
DA:233,0
DA:234,0
DA:241,0
DA:242,0
DA:243,0
DA:250,0
DA:251,0
DA:253,0
DA:262,0
DA:266,0
DA:277,0
DA:279,0
DA:285,0
DA:287,0
DA:288,0
DA:289,0
DA:292,0
DA:322,0
DA:323,0
DA:324,0
DA:325,0
DA:326,0
DA:327,0
DA:328,0
DA:329,0
DA:330,0
LF:134
LH:0
BRDA:22,0,0,0
BRDA:22,0,1,0
BRDA:45,1,0,0
BRDA:45,1,1,0
BRDA:58,2,0,0
BRDA:58,2,1,0
BRDA:58,3,0,0
BRDA:58,3,1,0
BRDA:61,4,0,0
BRDA:61,4,1,0
BRDA:129,5,0,0
BRDA:129,5,1,0
BRDA:175,6,0,0
BRDA:175,6,1,0
BRDA:175,7,0,0
BRDA:175,7,1,0
BRDA:197,8,0,0
BRDA:197,8,1,0
BRDA:216,9,0,0
BRDA:216,9,1,0
BRDA:250,10,0,0
BRDA:250,10,1,0
BRDA:253,11,0,0
BRDA:253,11,1,0
BRDA:255,12,0,0
BRDA:255,12,1,0
BRDA:256,13,0,0
BRDA:256,13,1,0
BRDA:257,14,0,0
BRDA:257,14,1,0
BRDA:258,15,0,0
BRDA:258,15,1,0
BRDA:262,16,0,0
BRDA:262,16,1,0
BRDA:270,17,0,0
BRDA:270,17,1,0
BRDA:270,17,2,0
BRDA:289,18,0,0
BRDA:289,18,1,0
BRDA:300,19,0,0
BRDA:300,19,1,0
BRDA:304,20,0,0
BRDA:304,20,1,0
BRDA:304,20,2,0
BRDA:310,21,0,0
BRDA:310,21,1,0
BRF:46
BRH:0
end_of_record
TN:
SF:src\controllers\moodController.js
FN:17,addMood
FN:146,getMoods
FNF:2
FNH:1
FNDA:7,addMood
FNDA:0,getMoods
DA:1,2
DA:2,2
DA:3,2
DA:4,2
DA:5,2
DA:6,2
DA:7,2
DA:18,7
DA:19,7
DA:22,7
DA:23,0
DA:25,7
DA:26,0
DA:32,7
DA:35,7
DA:36,7
DA:37,7
DA:38,0
DA:42,7
DA:43,7
DA:44,7
DA:46,7
DA:48,6
DA:49,6
DA:51,0
DA:55,1
DA:56,1
DA:57,1
DA:58,1
DA:59,1
DA:61,0
DA:66,7
DA:67,7
DA:68,7
DA:74,7
DA:75,7
DA:78,0
DA:79,0
DA:83,7
DA:86,7
DA:93,7
DA:94,7
DA:96,3
DA:99,3
DA:102,3
DA:103,3
DA:104,3
DA:105,3
DA:106,3
DA:107,3
DA:108,3
DA:111,3
DA:114,3
DA:119,7
DA:134,7
DA:136,7
DA:138,0
DA:139,0
DA:147,0
DA:148,0
DA:149,0
DA:151,0
DA:152,0
DA:156,2
LF:64
LH:50
BRDA:19,0,0,0
BRDA:22,1,0,0
BRDA:22,1,1,7
BRDA:22,2,0,7
BRDA:22,2,1,7
BRDA:25,3,0,0
BRDA:25,3,1,7
BRDA:25,4,0,7
BRDA:25,4,1,7
BRDA:25,4,2,7
BRDA:35,5,0,7
BRDA:35,5,1,6
BRDA:35,5,2,6
BRDA:35,5,3,6
BRDA:36,6,0,7
BRDA:36,6,1,2
BRDA:37,7,0,0
BRDA:37,7,1,7
BRDA:37,8,0,7
BRDA:37,8,1,1
BRDA:42,9,0,6
BRDA:42,9,1,1
BRDA:43,10,0,6
BRDA:43,10,1,1
BRDA:46,11,0,6
BRDA:46,11,1,1
BRDA:51,12,0,0
BRDA:51,12,1,0
BRDA:57,13,0,1
BRDA:57,13,1,0
BRDA:58,14,0,1
BRDA:58,14,1,0
BRDA:61,15,0,0
BRDA:61,15,1,0
BRDA:68,16,0,7
BRDA:68,16,1,0
BRDA:69,17,0,7
BRDA:69,17,1,7
BRDA:69,17,2,7
BRDA:69,17,3,7
BRDA:75,18,0,7
BRDA:75,18,1,0
BRDA:75,19,0,7
BRDA:75,19,1,7
BRDA:78,20,0,0
BRDA:78,20,1,0
BRDA:94,21,0,3
BRDA:94,21,1,4
BRDA:94,22,0,7
BRDA:94,22,1,4
BRDA:99,23,0,1
BRDA:99,23,1,2
BRDA:103,24,0,3
BRDA:103,24,1,0
BRDA:106,25,0,1
BRDA:106,25,1,2
BRDA:129,26,0,7
BRDA:129,26,1,4
BRDA:138,27,0,0
BRDA:138,27,1,0
BRDA:138,27,2,0
BRDA:139,28,0,0
BRDA:139,28,1,0
BRDA:151,29,0,0
BRDA:151,29,1,0
BRDA:151,29,2,0
BRDA:152,30,0,0
BRDA:152,30,1,0
BRF:68
BRH:43
end_of_record
TN:
SF:src\services\geocodeService.js
FN:12,reverseGeocode
FN:42,forwardGeocode
FNF:2
FNH:2
FNDA:1,reverseGeocode
FNDA:1,forwardGeocode
DA:1,3
DA:3,3
DA:6,3
DA:14,1
DA:15,0
DA:19,1
DA:20,1
DA:24,0
DA:25,0
DA:26,0
DA:27,0
DA:30,0
DA:44,1
DA:45,0
DA:49,1
DA:50,1
DA:54,0
DA:55,0
DA:56,0
DA:57,0
DA:58,0
DA:61,0
DA:69,3
LF:23
LH:10
BRDA:6,0,0,3
BRDA:6,0,1,3
BRDA:14,1,0,0
BRDA:14,1,1,1
BRDA:14,2,0,1
BRDA:14,2,1,1
BRDA:19,3,0,1
BRDA:19,3,1,0
BRDA:26,4,0,0
BRDA:26,4,1,0
BRDA:31,5,0,0
BRDA:31,5,1,0
BRDA:32,6,0,0
BRDA:32,6,1,0
BRDA:44,7,0,0
BRDA:44,7,1,1
BRDA:44,8,0,1
BRDA:44,8,1,1
BRDA:49,9,0,1
BRDA:49,9,1,0
BRDA:56,10,0,0
BRDA:56,10,1,0
BRDA:58,11,0,0
BRDA:58,11,1,0
BRDA:62,12,0,0
BRDA:62,12,1,0
BRDA:63,13,0,0
BRDA:63,13,1,0
BRDA:64,14,0,0
BRDA:64,14,1,0
BRDA:65,15,0,0
BRDA:65,15,1,0
BRF:32
BRH:10
end_of_record
TN:
SF:src\services\weatherService.js
FN:14,getWeather
FNF:1
FNH:1
FNDA:1,getWeather
DA:1,3
DA:3,3
DA:6,3
DA:16,1
DA:19,1
DA:20,1
DA:27,0
DA:28,0
DA:32,0
DA:33,0
DA:34,0
DA:35,0
DA:36,0
DA:38,0
DA:41,0
DA:49,0
DA:52,3
LF:17
LH:7
BRDA:6,0,0,3
BRDA:6,0,1,3
BRDA:16,1,0,0
BRDA:16,1,1,1
BRDA:16,2,0,1
BRDA:16,2,1,1
BRDA:19,3,0,1
BRDA:19,3,1,0
BRDA:27,4,0,0
BRDA:27,4,1,0
BRDA:34,5,0,0
BRDA:34,5,1,0
BRDA:42,6,0,0
BRDA:42,6,1,0
BRDA:43,7,0,0
BRDA:43,7,1,0
BRDA:43,8,0,0
BRDA:43,8,1,0
BRDA:44,9,0,0
BRDA:44,9,1,0
BRDA:45,10,0,0
BRDA:45,10,1,0
BRF:22
BRH:6
end_of_record
TN:
SF:src\storage\jsonStore.js
FN:10,ensure
FN:20,loadAll
FN:48,save
FNF:3
FNH:3
FNDA:7,ensure
FNDA:7,loadAll
FNDA:7,save
DA:3,2
DA:4,2
DA:7,2
DA:11,7
DA:12,7
DA:13,7
DA:22,7
DA:25,7
DA:26,7
DA:28,7
DA:31,7
DA:32,0
DA:33,0
DA:34,0
DA:36,7
DA:39,0
DA:40,0
DA:41,0
DA:49,7
DA:52,7
DA:55,7
DA:58,7
DA:61,2
LF:23
LH:17
BRDA:12,0,0,3
BRDA:12,0,1,4
BRDA:13,1,0,3
BRDA:13,1,1,4
BRDA:28,2,0,7
BRDA:28,2,1,0
BRDA:31,3,0,0
BRDA:31,3,1,7
BRDA:49,4,0,0
BRDA:49,4,1,7
BRF:10
BRH:7
end_of_record
TN:
SF:src\utils\moodScore.js
FN:9,computeScoreWithBreakdown
FNF:1
FNH:1
FNDA:9,computeScoreWithBreakdown
DA:15,9
DA:25,9
DA:28,9
DA:29,9
DA:34,9
DA:36,9
DA:37,9
DA:38,9
DA:41,9
DA:42,2
DA:44,9
DA:45,0
DA:47,9
DA:48,0
DA:50,9
DA:51,7
DA:55,9
DA:56,9
DA:57,9
DA:64,9
DA:67,9
DA:68,9
DA:71,9
DA:74,3
LF:24
LH:22
BRDA:28,0,0,0
BRDA:28,0,1,9
BRDA:29,1,0,0
BRDA:29,1,1,9
BRDA:36,2,0,9
BRDA:36,2,1,0
BRDA:37,3,0,9
BRDA:37,3,1,0
BRDA:41,4,0,2
BRDA:41,4,1,7
BRDA:41,5,0,9
BRDA:41,5,1,7
BRDA:44,6,0,0
BRDA:44,6,1,9
BRDA:44,7,0,9
BRDA:44,7,1,9
BRDA:47,8,0,0
BRDA:47,8,1,9
BRDA:47,9,0,9
BRDA:47,9,1,9
BRDA:50,10,0,7
BRDA:50,10,1,2
BRDA:50,11,0,9
BRDA:50,11,1,2
BRDA:50,11,2,2
BRDA:55,12,0,9
BRDA:55,12,1,0
BRDA:56,13,0,1
BRDA:56,13,1,8
BRDA:57,14,0,1
BRDA:57,14,1,8
BRDA:67,15,0,2
BRDA:67,15,1,7
BRDA:68,16,0,1
BRDA:68,16,1,8
BRF:35
BRH:28
end_of_record
TN:
SF:src\utils\textAnalyzer.js
FN:27,analyzeText
FNF:1
FNH:1
FNDA:7,analyzeText
DA:4,2
DA:15,2
DA:28,7
DA:29,7
DA:30,7
DA:33,7
DA:34,23
DA:35,23
DA:39,7
DA:40,7
DA:43,7
DA:46,2
LF:12
LH:12
BRDA:28,0,0,0
BRDA:28,0,1,7
BRDA:28,1,0,7
BRDA:28,1,1,7
BRDA:34,2,0,0
BRDA:34,2,1,23
BRDA:35,3,0,0
BRDA:35,3,1,23
BRDA:39,4,0,0
BRDA:39,4,1,7
BRDA:40,5,0,0
BRDA:40,5,1,7
BRF:12
BRH:7
end_of_record
